This file contains any messages produced by compilers while
running configure, to aid debugging if configure makes a mistake.

It was created by Apertium Kongo configure 0.1.0, which was
generated by GNU Autoconf 2.69.  Invocation command line was

  $ ./configure 

## --------- ##
## Platform. ##
## --------- ##

hostname = vbox
uname -m = i686
uname -r = 5.3.0-2-686
uname -s = Linux
uname -v = #1 SMP Debian 5.3.9-3 (2019-11-19)

/usr/bin/uname -p = unknown
/bin/uname -X     = unknown

/bin/arch              = i686
/usr/bin/arch -k       = unknown
/usr/convex/getsysinfo = unknown
/usr/bin/hostinfo      = unknown
/bin/machine           = unknown
/usr/bin/oslevel       = unknown
/bin/universe          = unknown

PATH: /usr/local/bin
PATH: /usr/bin
PATH: /bin
PATH: /usr/local/games
PATH: /usr/games
PATH: /usr/local/bin


## ----------- ##
## Core tests. ##
## ----------- ##

configure:1795: checking for a BSD-compatible install
configure:1863: result: /usr/bin/install -c
configure:1874: checking whether build environment is sane
configure:1929: result: yes
configure:2078: checking for a thread-safe mkdir -p
configure:2117: result: /usr/bin/mkdir -p
configure:2124: checking for gawk
configure:2140: found /usr/bin/gawk
configure:2151: result: gawk
configure:2162: checking whether make sets $(MAKE)
configure:2184: result: yes
configure:2213: checking whether make supports nested variables
configure:2230: result: yes
configure:2357: checking whether ln -s works
configure:2361: result: yes
configure:2372: checking for gawk
configure:2399: result: gawk
configure:2468: checking for pkg-config
configure:2486: found /usr/bin/pkg-config
configure:2498: result: /usr/bin/pkg-config
configure:2523: checking pkg-config is at least version 0.9.0
configure:2526: result: yes
configure:2536: checking for APERTIUM
configure:2543: $PKG_CONFIG --exists --print-errors "apertium >= 3.4.0"
configure:2546: $? = 0
configure:2560: $PKG_CONFIG --exists --print-errors "apertium >= 3.4.0"
configure:2563: $? = 0
configure:2621: result: yes
configure:2627: checking for LTTOOLBOX
configure:2634: $PKG_CONFIG --exists --print-errors "lttoolbox >= 3.3.2"
configure:2637: $? = 0
configure:2651: $PKG_CONFIG --exists --print-errors "lttoolbox >= 3.3.2"
configure:2654: $? = 0
configure:2712: result: yes
configure:2719: checking for cg-comp
configure:2737: found /usr/bin/cg-comp
configure:2750: result: /usr/bin/cg-comp
configure:2963: checking that generated files are newer than configure
configure:2969: result: done
configure:2977: creating ./config.status

## ---------------------- ##
## Running config.status. ##
## ---------------------- ##

This file was extended by Apertium Kongo config.status 0.1.0, which was
generated by GNU Autoconf 2.69.  Invocation command line was

  CONFIG_FILES    = 
  CONFIG_HEADERS  = 
  CONFIG_LINKS    = 
  CONFIG_COMMANDS = 
  $ ./config.status 

on vbox

config.status:778: creating Makefile
config.status:778: creating apertium-kok.pc

## ---------------- ##
## Cache variables. ##
## ---------------- ##

ac_cv_env_APERTIUM_CFLAGS_set=
ac_cv_env_APERTIUM_CFLAGS_value=
ac_cv_env_APERTIUM_LIBS_set=
ac_cv_env_APERTIUM_LIBS_value=
ac_cv_env_LTTOOLBOX_CFLAGS_set=
ac_cv_env_LTTOOLBOX_CFLAGS_value=
ac_cv_env_LTTOOLBOX_LIBS_set=
ac_cv_env_LTTOOLBOX_LIBS_value=
ac_cv_env_PKG_CONFIG_LIBDIR_set=
ac_cv_env_PKG_CONFIG_LIBDIR_value=
ac_cv_env_PKG_CONFIG_PATH_set=set
ac_cv_env_PKG_CONFIG_PATH_value=:/usr/local/share/pkgconfig:/usr/local/lib/pkgconfig
ac_cv_env_PKG_CONFIG_set=
ac_cv_env_PKG_CONFIG_value=
ac_cv_env_build_alias_set=
ac_cv_env_build_alias_value=
ac_cv_env_host_alias_set=
ac_cv_env_host_alias_value=
ac_cv_env_target_alias_set=
ac_cv_env_target_alias_value=
ac_cv_path_CGCOMP=/usr/bin/cg-comp
ac_cv_path_ac_pt_PKG_CONFIG=/usr/bin/pkg-config
ac_cv_path_install='/usr/bin/install -c'
ac_cv_path_mkdir=/usr/bin/mkdir
ac_cv_prog_AWK=gawk
ac_cv_prog_make_make_set=yes
am_cv_make_support_nested_variables=yes
pkg_cv_APERTIUM_CFLAGS='-I/usr/include/apertium-3.6 -I/usr/lib/i386-linux-gnu/apertium-3.6/include -I/usr/include/lttoolbox-3.5 -I/usr/lib/i386-linux-gnu/lttoolbox-3.5/include -I/usr/include/libxml2'
pkg_cv_APERTIUM_LIBS='-lapertium3 -llttoolbox3 -lxml2 -lpcre'
pkg_cv_LTTOOLBOX_CFLAGS='-I/usr/include/lttoolbox-3.5 -I/usr/lib/i386-linux-gnu/lttoolbox-3.5/include -I/usr/include/libxml2'
pkg_cv_LTTOOLBOX_LIBS='-llttoolbox3 -lxml2'

## ----------------- ##
## Output variables. ##
## ----------------- ##

ACLOCAL='${SHELL} /home/apertium/apertium-kok/missing aclocal-1.16'
AMTAR='$${TAR-tar}'
AM_BACKSLASH='\'
AM_DEFAULT_V='$(AM_DEFAULT_VERBOSITY)'
AM_DEFAULT_VERBOSITY='1'
AM_V='$(V)'
APERTIUM_CFLAGS='-I/usr/include/apertium-3.6 -I/usr/lib/i386-linux-gnu/apertium-3.6/include -I/usr/include/lttoolbox-3.5 -I/usr/lib/i386-linux-gnu/lttoolbox-3.5/include -I/usr/include/libxml2'
APERTIUM_LIBS='-lapertium3 -llttoolbox3 -lxml2 -lpcre'
AUTOCONF='${SHELL} /home/apertium/apertium-kok/missing autoconf'
AUTOHEADER='${SHELL} /home/apertium/apertium-kok/missing autoheader'
AUTOMAKE='${SHELL} /home/apertium/apertium-kok/missing automake-1.16'
AWK='gawk'
CGCOMP='/usr/bin/cg-comp'
CYGPATH_W='echo'
DEFS='-DPACKAGE_NAME=\"Apertium\ Kongo\" -DPACKAGE_TARNAME=\"apertium-kok\" -DPACKAGE_VERSION=\"0.1.0\" -DPACKAGE_STRING=\"Apertium\ Kongo\ 0.1.0\" -DPACKAGE_BUGREPORT=\"apertium-stuff@lists.sourceforge.net\" -DPACKAGE_URL=\"http://wiki.apertium.org/wiki/Apertium-kok\" -DPACKAGE=\"apertium-kok\" -DVERSION=\"0.1.0\"'
ECHO_C=''
ECHO_N='-n'
ECHO_T=''
INSTALL_DATA='${INSTALL} -m 644'
INSTALL_PROGRAM='${INSTALL}'
INSTALL_SCRIPT='${INSTALL}'
INSTALL_STRIP_PROGRAM='$(install_sh) -c -s'
LIBOBJS=''
LIBS=''
LN_S='ln -s'
LTLIBOBJS=''
LTTOOLBOX_CFLAGS='-I/usr/include/lttoolbox-3.5 -I/usr/lib/i386-linux-gnu/lttoolbox-3.5/include -I/usr/include/libxml2'
LTTOOLBOX_LIBS='-llttoolbox3 -lxml2'
MAKEINFO='${SHELL} /home/apertium/apertium-kok/missing makeinfo'
MKDIR_P='/usr/bin/mkdir -p'
PACKAGE='apertium-kok'
PACKAGE_BUGREPORT='apertium-stuff@lists.sourceforge.net'
PACKAGE_NAME='Apertium Kongo'
PACKAGE_STRING='Apertium Kongo 0.1.0'
PACKAGE_TARNAME='apertium-kok'
PACKAGE_URL='http://wiki.apertium.org/wiki/Apertium-kok'
PACKAGE_VERSION='0.1.0'
PATH_SEPARATOR=':'
PKG_CONFIG='/usr/bin/pkg-config'
PKG_CONFIG_LIBDIR=''
PKG_CONFIG_PATH=':/usr/local/share/pkgconfig:/usr/local/lib/pkgconfig'
SET_MAKE=''
SHELL='/bin/bash'
STRIP=''
VERSION='0.1.0'
am__isrc=''
am__leading_dot='.'
am__tar='$${TAR-tar} chof - "$$tardir"'
am__untar='$${TAR-tar} xf -'
bindir='${exec_prefix}/bin'
build_alias=''
datadir='${datarootdir}'
datarootdir='${prefix}/share'
docdir='${datarootdir}/doc/${PACKAGE_TARNAME}'
dvidir='${docdir}'
exec_prefix='${prefix}'
host_alias=''
htmldir='${docdir}'
includedir='${prefix}/include'
infodir='${datarootdir}/info'
install_sh='${SHELL} /home/apertium/apertium-kok/install-sh'
libdir='${exec_prefix}/lib'
libexecdir='${exec_prefix}/libexec'
localedir='${datarootdir}/locale'
localstatedir='${prefix}/var'
mandir='${datarootdir}/man'
mkdir_p='$(MKDIR_P)'
oldincludedir='/usr/include'
pdfdir='${docdir}'
prefix='/usr/local'
program_transform_name='s,x,x,'
psdir='${docdir}'
runstatedir='${localstatedir}/run'
sbindir='${exec_prefix}/sbin'
sharedstatedir='${prefix}/com'
sysconfdir='${prefix}/etc'
target_alias=''

## ------------------- ##
## File substitutions. ##
## ------------------- ##

ap_include='./ap_include.am'

## ----------- ##
## confdefs.h. ##
## ----------- ##

/* confdefs.h */
#define PACKAGE_NAME "Apertium Kongo"
#define PACKAGE_TARNAME "apertium-kok"
#define PACKAGE_VERSION "0.1.0"
#define PACKAGE_STRING "Apertium Kongo 0.1.0"
#define PACKAGE_BUGREPORT "apertium-stuff@lists.sourceforge.net"
#define PACKAGE_URL "http://wiki.apertium.org/wiki/Apertium-kok"
#define PACKAGE "apertium-kok"
#define VERSION "0.1.0"

configure: exit 0
